This file contains any messages produced by compilers while
running configure, to aid debugging if configure makes a mistake.

It was created by Ultimarc-linux configure 1.0, which was
generated by GNU Autoconf 2.69.  Invocation command line was

  $ /home/rob/Projects/Ultimarc-linux/configure 

## --------- ##
## Platform. ##
## --------- ##

hostname = pixel
uname -m = x86_64
uname -r = 3.12.5-200.fc19.x86_64
uname -s = Linux
uname -v = #1 SMP Tue Dec 17 22:21:14 UTC 2013

/usr/bin/uname -p = x86_64
/bin/uname -X     = unknown

/bin/arch              = x86_64
/usr/bin/arch -k       = unknown
/usr/convex/getsysinfo = unknown
/usr/bin/hostinfo      = unknown
/bin/machine           = unknown
/usr/bin/oslevel       = unknown
/bin/universe          = unknown

PATH: /usr/local/bin
PATH: /usr/bin
PATH: /bin
PATH: /usr/local/sbin
PATH: /usr/sbin
PATH: /home/rob/.local/bin
PATH: /home/rob/bin


## ----------- ##
## Core tests. ##
## ----------- ##

configure:1835: checking build system type
configure:1849: result: x86_64-unknown-linux-gnu
configure:1869: checking host system type
configure:1882: result: x86_64-unknown-linux-gnu
configure:1902: checking target system type
configure:1915: result: x86_64-unknown-linux-gnu
configure:1958: checking for a BSD-compatible install
configure:2026: result: /usr/bin/install -c
configure:2037: checking whether build environment is sane
configure:2092: result: yes
configure:2243: checking for a thread-safe mkdir -p
configure:2282: result: /usr/bin/mkdir -p
configure:2289: checking for gawk
configure:2305: found /usr/bin/gawk
configure:2316: result: gawk
configure:2327: checking whether make sets $(MAKE)
configure:2349: result: yes
configure:2378: checking whether make supports nested variables
configure:2395: result: yes
configure:2528: checking for gcc
configure:2544: found /usr/bin/gcc
configure:2555: result: gcc
configure:2784: checking for C compiler version
configure:2793: gcc --version >&5
gcc (GCC) 4.8.2 20131212 (Red Hat 4.8.2-7)
Copyright (C) 2013 Free Software Foundation, Inc.
This is free software; see the source for copying conditions.  There is NO
warranty; not even for MERCHANTABILITY or FITNESS FOR A PARTICULAR PURPOSE.

configure:2804: $? = 0
configure:2793: gcc -v >&5
Using built-in specs.
COLLECT_GCC=gcc
COLLECT_LTO_WRAPPER=/usr/libexec/gcc/x86_64-redhat-linux/4.8.2/lto-wrapper
Target: x86_64-redhat-linux
Configured with: ../configure --prefix=/usr --mandir=/usr/share/man --infodir=/usr/share/info --with-bugurl=http://bugzilla.redhat.com/bugzilla --enable-bootstrap --enable-shared --enable-threads=posix --enable-checking=release --with-system-zlib --enable-__cxa_atexit --disable-libunwind-exceptions --enable-gnu-unique-object --enable-linker-build-id --with-linker-hash-style=gnu --enable-languages=c,c++,objc,obj-c++,java,fortran,ada,go,lto --enable-plugin --enable-initfini-array --enable-java-awt=gtk --disable-dssi --with-java-home=/usr/lib/jvm/java-1.5.0-gcj-1.5.0.0/jre --enable-libgcj-multifile --enable-java-maintainer-mode --with-ecj-jar=/usr/share/java/eclipse-ecj.jar --disable-libjava-multilib --with-isl=/builddir/build/BUILD/gcc-4.8.2-20131212/obj-x86_64-redhat-linux/isl-install --with-cloog=/builddir/build/BUILD/gcc-4.8.2-20131212/obj-x86_64-redhat-linux/cloog-install --with-tune=generic --with-arch_32=i686 --build=x86_64-redhat-linux
Thread model: posix
gcc version 4.8.2 20131212 (Red Hat 4.8.2-7) (GCC) 
configure:2804: $? = 0
configure:2793: gcc -V >&5
gcc: error: unrecognized command line option '-V'
gcc: fatal error: no input files
compilation terminated.
configure:2804: $? = 4
configure:2793: gcc -qversion >&5
gcc: error: unrecognized command line option '-qversion'
gcc: fatal error: no input files
compilation terminated.
configure:2804: $? = 4
configure:2824: checking whether the C compiler works
configure:2846: gcc    conftest.c  >&5
configure:2850: $? = 0
configure:2898: result: yes
configure:2901: checking for C compiler default output file name
configure:2903: result: a.out
configure:2909: checking for suffix of executables
configure:2916: gcc -o conftest    conftest.c  >&5
configure:2920: $? = 0
configure:2942: result: 
configure:2964: checking whether we are cross compiling
configure:2972: gcc -o conftest    conftest.c  >&5
configure:2976: $? = 0
configure:2983: ./conftest
configure:2987: $? = 0
configure:3002: result: no
configure:3007: checking for suffix of object files
configure:3029: gcc -c   conftest.c >&5
configure:3033: $? = 0
configure:3054: result: o
configure:3058: checking whether we are using the GNU C compiler
configure:3077: gcc -c   conftest.c >&5
configure:3077: $? = 0
configure:3086: result: yes
configure:3095: checking whether gcc accepts -g
configure:3115: gcc -c -g  conftest.c >&5
configure:3115: $? = 0
configure:3156: result: yes
configure:3173: checking for gcc option to accept ISO C89
configure:3236: gcc  -c -g -O2  conftest.c >&5
configure:3236: $? = 0
configure:3249: result: none needed
configure:3280: checking for style of include used by make
configure:3308: result: GNU
configure:3334: checking dependency style of gcc
configure:3445: result: gcc3
configure:3609: checking that generated files are newer than configure
configure:3615: result: done
configure:3638: creating ./config.status

## ---------------------- ##
## Running config.status. ##
## ---------------------- ##

This file was extended by Ultimarc-linux config.status 1.0, which was
generated by GNU Autoconf 2.69.  Invocation command line was

  CONFIG_FILES    = 
  CONFIG_HEADERS  = 
  CONFIG_LINKS    = 
  CONFIG_COMMANDS = 
  $ ./config.status 

on pixel

config.status:785: creating Makefile
config.status:785: creating src/umtool/Makefile
config.status:957: executing depfiles commands

## ---------------- ##
## Cache variables. ##
## ---------------- ##

ac_cv_build=x86_64-unknown-linux-gnu
ac_cv_c_compiler_gnu=yes
ac_cv_env_CC_set=
ac_cv_env_CC_value=
ac_cv_env_CFLAGS_set=
ac_cv_env_CFLAGS_value=
ac_cv_env_CPPFLAGS_set=
ac_cv_env_CPPFLAGS_value=
ac_cv_env_LDFLAGS_set=
ac_cv_env_LDFLAGS_value=
ac_cv_env_LIBS_set=
ac_cv_env_LIBS_value=
ac_cv_env_build_alias_set=
ac_cv_env_build_alias_value=
ac_cv_env_host_alias_set=
ac_cv_env_host_alias_value=
ac_cv_env_target_alias_set=
ac_cv_env_target_alias_value=
ac_cv_host=x86_64-unknown-linux-gnu
ac_cv_objext=o
ac_cv_path_install='/usr/bin/install -c'
ac_cv_path_mkdir=/usr/bin/mkdir
ac_cv_prog_AWK=gawk
ac_cv_prog_ac_ct_CC=gcc
ac_cv_prog_cc_c89=
ac_cv_prog_cc_g=yes
ac_cv_prog_make_make_set=yes
ac_cv_target=x86_64-unknown-linux-gnu
am_cv_CC_dependencies_compiler_type=gcc3
am_cv_make_support_nested_variables=yes

## ----------------- ##
## Output variables. ##
## ----------------- ##

ACLOCAL='${SHELL} /home/rob/Projects/Ultimarc-linux/missing aclocal-1.13'
AMDEPBACKSLASH='\'
AMDEP_FALSE='#'
AMDEP_TRUE=''
AMTAR='$${TAR-tar}'
AM_BACKSLASH='\'
AM_DEFAULT_V='$(AM_DEFAULT_VERBOSITY)'
AM_DEFAULT_VERBOSITY='1'
AM_V='$(V)'
AUTOCONF='${SHELL} /home/rob/Projects/Ultimarc-linux/missing autoconf'
AUTOHEADER='${SHELL} /home/rob/Projects/Ultimarc-linux/missing autoheader'
AUTOMAKE='${SHELL} /home/rob/Projects/Ultimarc-linux/missing automake-1.13'
AWK='gawk'
CC='gcc'
CCDEPMODE='depmode=gcc3'
CFLAGS='-g -O2'
CPPFLAGS=''
CYGPATH_W='echo'
DEFS='-DPACKAGE_NAME=\"Ultimarc-linux\" -DPACKAGE_TARNAME=\"ultimarc-linux\" -DPACKAGE_VERSION=\"1.0\" -DPACKAGE_STRING=\"Ultimarc-linux\ 1.0\" -DPACKAGE_BUGREPORT=\"\" -DPACKAGE_URL=\"\" -DPACKAGE=\"ultimarc-linux\" -DVERSION=\"1.0\"'
DEPDIR='.deps'
ECHO_C=''
ECHO_N='-n'
ECHO_T=''
EXEEXT=''
INSTALL_DATA='${INSTALL} -m 644'
INSTALL_PROGRAM='${INSTALL}'
INSTALL_SCRIPT='${INSTALL}'
INSTALL_STRIP_PROGRAM='$(install_sh) -c -s'
LDFLAGS=''
LIBOBJS=''
LIBS=''
LTLIBOBJS=''
MAKEINFO='${SHELL} /home/rob/Projects/Ultimarc-linux/missing makeinfo'
MKDIR_P='/usr/bin/mkdir -p'
OBJEXT='o'
PACKAGE='ultimarc-linux'
PACKAGE_BUGREPORT=''
PACKAGE_NAME='Ultimarc-linux'
PACKAGE_STRING='Ultimarc-linux 1.0'
PACKAGE_TARNAME='ultimarc-linux'
PACKAGE_URL=''
PACKAGE_VERSION='1.0'
PATH_SEPARATOR=':'
SET_MAKE=''
SHELL='/bin/sh'
STRIP=''
VERSION='1.0'
ac_ct_CC='gcc'
am__EXEEXT_FALSE=''
am__EXEEXT_TRUE='#'
am__fastdepCC_FALSE='#'
am__fastdepCC_TRUE=''
am__include='include'
am__isrc=''
am__leading_dot='.'
am__nodep='_no'
am__quote=''
am__tar='$${TAR-tar} chof - "$$tardir"'
am__untar='$${TAR-tar} xf -'
bindir='${exec_prefix}/bin'
build='x86_64-unknown-linux-gnu'
build_alias=''
build_cpu='x86_64'
build_os='linux-gnu'
build_vendor='unknown'
datadir='${datarootdir}'
datarootdir='${prefix}/share'
docdir='${datarootdir}/doc/${PACKAGE_TARNAME}'
dvidir='${docdir}'
exec_prefix='${prefix}'
host='x86_64-unknown-linux-gnu'
host_alias=''
host_cpu='x86_64'
host_os='linux-gnu'
host_vendor='unknown'
htmldir='${docdir}'
includedir='${prefix}/include'
infodir='${datarootdir}/info'
install_sh='${SHELL} /home/rob/Projects/Ultimarc-linux/install-sh'
libdir='${exec_prefix}/lib'
libexecdir='${exec_prefix}/libexec'
localedir='${datarootdir}/locale'
localstatedir='${prefix}/var'
mandir='${datarootdir}/man'
mkdir_p='$(MKDIR_P)'
oldincludedir='/usr/include'
pdfdir='${docdir}'
prefix='/usr/local'
program_transform_name='s,x,x,'
psdir='${docdir}'
sbindir='${exec_prefix}/sbin'
sharedstatedir='${prefix}/com'
sysconfdir='${prefix}/etc'
target='x86_64-unknown-linux-gnu'
target_alias=''
target_cpu='x86_64'
target_os='linux-gnu'
target_vendor='unknown'

## ----------- ##
## confdefs.h. ##
## ----------- ##

/* confdefs.h */
#define PACKAGE_NAME "Ultimarc-linux"
#define PACKAGE_TARNAME "ultimarc-linux"
#define PACKAGE_VERSION "1.0"
#define PACKAGE_STRING "Ultimarc-linux 1.0"
#define PACKAGE_BUGREPORT ""
#define PACKAGE_URL ""
#define PACKAGE "ultimarc-linux"
#define VERSION "1.0"

configure: exit 0
